2024-02-22 15:10:16,228 - INFO - Bot_Auditoría_BD_Python iniciado
2024-02-22 15:10:16,228 - INFO - Variables inicializadas
2024-02-22 15:10:16,234 - INFO - Carpeta email eliminada
2024-02-22 15:10:16,883 - INFO - Conectado a la base de datos
2024-02-22 15:10:16,884 - INFO - Carpeta Email creda con exito
2024-02-22 15:10:18,517 - INFO - Archivo: C:/Users/RPA/Documents/Proyectos_Rocketbot/Bot Auditoria/Insumos/Auditoria_Python/Email/Auditoría_21-02-2024_MONTELIBANO.xlsx creado.
2024-02-22 15:10:19,370 - INFO - Archivo: C:/Users/RPA/Documents/Proyectos_Rocketbot/Bot Auditoria/Insumos/Auditoria_Python/Email/Auditoría_21-02-2024_TIERRA-ALTA.xlsx creado.
2024-02-22 15:10:20,175 - INFO - Archivo: C:/Users/RPA/Documents/Proyectos_Rocketbot/Bot Auditoria/Insumos/Auditoria_Python/Email/Auditoría_21-02-2024_AYAPEL.xlsx creado.
2024-02-22 15:10:21,141 - INFO - Archivo: C:/Users/RPA/Documents/Proyectos_Rocketbot/Bot Auditoria/Insumos/Auditoria_Python/Email/Auditoría_21-02-2024_PLANETA-RICA.xlsx creado.
2024-02-22 15:10:22,543 - INFO - Archivo: C:/Users/RPA/Documents/Proyectos_Rocketbot/Bot Auditoria/Insumos/Auditoria_Python/Email/Auditoría_21-02-2024_CERETE.xlsx creado.
2024-02-22 15:10:23,819 - INFO - Archivo: C:/Users/RPA/Documents/Proyectos_Rocketbot/Bot Auditoria/Insumos/Auditoria_Python/Email/Auditoría_21-02-2024_LORICA.xlsx creado.
2024-02-22 15:10:24,922 - INFO - Archivo: C:/Users/RPA/Documents/Proyectos_Rocketbot/Bot Auditoria/Insumos/Auditoria_Python/Email/Auditoría_21-02-2024_SAHAGUN.xlsx creado.
2024-02-22 15:10:26,017 - INFO - Archivo: C:/Users/RPA/Documents/Proyectos_Rocketbot/Bot Auditoria/Insumos/Auditoria_Python/Email/Auditoría_21-02-2024_MOCARI.xlsx creado.
2024-02-22 15:10:27,181 - INFO - Archivo: C:/Users/RPA/Documents/Proyectos_Rocketbot/Bot Auditoria/Insumos/Auditoria_Python/Email/Auditoría_21-02-2024_PRADERA.xlsx creado.
2024-02-22 15:10:28,214 - INFO - Archivo: C:/Users/RPA/Documents/Proyectos_Rocketbot/Bot Auditoria/Insumos/Auditoria_Python/Email/Auditoría_21-02-2024_MOGAMBO.xlsx creado.
2024-02-22 15:10:29,669 - INFO - Archivo: C:/Users/RPA/Documents/Proyectos_Rocketbot/Bot Auditoria/Insumos/Auditoria_Python/Email/Auditoría_21-02-2024_GRANJA.xlsx creado.
2024-02-22 15:10:31,081 - INFO - Archivo: C:/Users/RPA/Documents/Proyectos_Rocketbot/Bot Auditoria/Insumos/Auditoria_Python/Email/Auditoría_21-02-2024_DORADO.xlsx creado.
2024-02-22 15:10:32,296 - INFO - Archivo: C:/Users/RPA/Documents/Proyectos_Rocketbot/Bot Auditoria/Insumos/Auditoria_Python/Email/Auditoría_21-02-2024_OFIC.PRINCIPAL MONTERIA.xlsx creado.
2024-02-22 15:10:33,200 - INFO - Archivo: C:/Users/RPA/Documents/Proyectos_Rocketbot/Bot Auditoria/Insumos/Auditoria_Python/Email/Auditoría_21-02-2024_PUERTO ESCONDIDO.xlsx creado.
2024-02-22 15:10:34,052 - INFO - Archivo: C:/Users/RPA/Documents/Proyectos_Rocketbot/Bot Auditoria/Insumos/Auditoria_Python/Email/Auditoría_21-02-2024_SANTA LUCIA.xlsx creado.
2024-02-22 15:10:34,951 - INFO - Archivo: C:/Users/RPA/Documents/Proyectos_Rocketbot/Bot Auditoria/Insumos/Auditoria_Python/Email/Auditoría_21-02-2024_SAN ANTERITO.xlsx creado.
2024-02-22 15:10:35,737 - INFO - Archivo: C:/Users/RPA/Documents/Proyectos_Rocketbot/Bot Auditoria/Insumos/Auditoria_Python/Email/Auditoría_21-02-2024_CANALETE.xlsx creado.
2024-02-22 15:10:36,588 - INFO - Archivo: C:/Users/RPA/Documents/Proyectos_Rocketbot/Bot Auditoria/Insumos/Auditoria_Python/Email/Auditoría_21-02-2024_CARRISAL.xlsx creado.
2024-02-22 15:10:37,832 - INFO - Archivo: C:/Users/RPA/Documents/Proyectos_Rocketbot/Bot Auditoria/Insumos/Auditoria_Python/Email/Auditoría_21-02-2024_LOS CORDOBAS.xlsx creado.
2024-02-22 15:10:48,460 - INFO - Correo con archivos adjuntos enviados
2024-02-22 15:10:48,558 - INFO - Archivos copiados en GDrive y carpeta Email
2024-02-22 15:10:48,558 - INFO - Bot_Auditoría_BD_Python Finalizado.
2024-02-22 15:10:48,558 - INFO - Tiempo total de ejecución: 32.33032178878784
