2024-02-29 03:40:14,473 - INFO - Bot_Auditoría_BD_Python iniciado
2024-02-29 03:40:14,473 - INFO - Variables inicializadas
2024-02-29 03:40:14,493 - INFO - Carpeta email eliminada
2024-02-29 03:40:15,213 - INFO - Conectado a la base de datos
2024-02-29 03:40:15,223 - INFO - Carpeta Email creda con exito
2024-02-29 03:40:16,674 - INFO - Archivo: C:/Users/RPA/Documents/Proyectos_Rocketbot/Bot Auditoria/Insumos/Auditoria_Python/Email/Auditoría_28-02-2024_MONTELIBANO.xlsx creado.
2024-02-29 03:40:17,735 - INFO - Archivo: C:/Users/RPA/Documents/Proyectos_Rocketbot/Bot Auditoria/Insumos/Auditoria_Python/Email/Auditoría_28-02-2024_TIERRA-ALTA.xlsx creado.
2024-02-29 03:40:18,715 - INFO - Archivo: C:/Users/RPA/Documents/Proyectos_Rocketbot/Bot Auditoria/Insumos/Auditoria_Python/Email/Auditoría_28-02-2024_AYAPEL.xlsx creado.
2024-02-29 03:40:19,885 - INFO - Archivo: C:/Users/RPA/Documents/Proyectos_Rocketbot/Bot Auditoria/Insumos/Auditoria_Python/Email/Auditoría_28-02-2024_PLANETA-RICA.xlsx creado.
2024-02-29 03:40:21,237 - INFO - Archivo: C:/Users/RPA/Documents/Proyectos_Rocketbot/Bot Auditoria/Insumos/Auditoria_Python/Email/Auditoría_28-02-2024_CERETE.xlsx creado.
2024-02-29 03:40:22,487 - INFO - Archivo: C:/Users/RPA/Documents/Proyectos_Rocketbot/Bot Auditoria/Insumos/Auditoria_Python/Email/Auditoría_28-02-2024_LORICA.xlsx creado.
2024-02-29 03:40:23,757 - INFO - Archivo: C:/Users/RPA/Documents/Proyectos_Rocketbot/Bot Auditoria/Insumos/Auditoria_Python/Email/Auditoría_28-02-2024_SAHAGUN.xlsx creado.
2024-02-29 03:40:24,890 - INFO - Archivo: C:/Users/RPA/Documents/Proyectos_Rocketbot/Bot Auditoria/Insumos/Auditoria_Python/Email/Auditoría_28-02-2024_MOCARI.xlsx creado.
2024-02-29 03:40:26,521 - INFO - Archivo: C:/Users/RPA/Documents/Proyectos_Rocketbot/Bot Auditoria/Insumos/Auditoria_Python/Email/Auditoría_28-02-2024_PRADERA.xlsx creado.
2024-02-29 03:40:27,761 - INFO - Archivo: C:/Users/RPA/Documents/Proyectos_Rocketbot/Bot Auditoria/Insumos/Auditoria_Python/Email/Auditoría_28-02-2024_MOGAMBO.xlsx creado.
2024-02-29 03:40:29,314 - INFO - Archivo: C:/Users/RPA/Documents/Proyectos_Rocketbot/Bot Auditoria/Insumos/Auditoria_Python/Email/Auditoría_28-02-2024_GRANJA.xlsx creado.
2024-02-29 03:40:30,493 - INFO - Archivo: C:/Users/RPA/Documents/Proyectos_Rocketbot/Bot Auditoria/Insumos/Auditoria_Python/Email/Auditoría_28-02-2024_DORADO.xlsx creado.
2024-02-29 03:40:31,843 - INFO - Archivo: C:/Users/RPA/Documents/Proyectos_Rocketbot/Bot Auditoria/Insumos/Auditoria_Python/Email/Auditoría_28-02-2024_OFIC.PRINCIPAL MONTERIA.xlsx creado.
2024-02-29 03:40:32,800 - INFO - Archivo: C:/Users/RPA/Documents/Proyectos_Rocketbot/Bot Auditoria/Insumos/Auditoria_Python/Email/Auditoría_28-02-2024_PUERTO ESCONDIDO.xlsx creado.
2024-02-29 03:40:33,800 - INFO - Archivo: C:/Users/RPA/Documents/Proyectos_Rocketbot/Bot Auditoria/Insumos/Auditoria_Python/Email/Auditoría_28-02-2024_SANTA LUCIA.xlsx creado.
2024-02-29 03:40:34,820 - INFO - Archivo: C:/Users/RPA/Documents/Proyectos_Rocketbot/Bot Auditoria/Insumos/Auditoria_Python/Email/Auditoría_28-02-2024_SAN ANTERITO.xlsx creado.
2024-02-29 03:40:35,800 - INFO - Archivo: C:/Users/RPA/Documents/Proyectos_Rocketbot/Bot Auditoria/Insumos/Auditoria_Python/Email/Auditoría_28-02-2024_CANALETE.xlsx creado.
2024-02-29 03:40:36,790 - INFO - Archivo: C:/Users/RPA/Documents/Proyectos_Rocketbot/Bot Auditoria/Insumos/Auditoria_Python/Email/Auditoría_28-02-2024_CARRISAL.xlsx creado.
2024-02-29 03:40:37,810 - INFO - Archivo: C:/Users/RPA/Documents/Proyectos_Rocketbot/Bot Auditoria/Insumos/Auditoria_Python/Email/Auditoría_28-02-2024_LOS CORDOBAS.xlsx creado.
2024-02-29 03:40:39,070 - INFO - file_cache is only supported with oauth2client<4.0.0
2024-02-29 03:40:41,291 - INFO - Correo enviado a reomir.negrete@record.com.co, soporte.rpa@record.com.co
2024-02-29 03:40:41,301 - INFO - Archivos copiados en GDrive y carpeta Email
2024-02-29 03:40:41,301 - INFO - Bot_Auditoría_BD_Python Finalizado.
2024-02-29 03:40:41,301 - INFO - Tiempo total de ejecución: 26.828667879104614
