2024-02-22 14:44:28,088 - INFO - Bot_Auditoría_BD_Python iniciado
2024-02-22 14:44:28,089 - INFO - Variables inicializadas
2024-02-22 14:44:28,093 - INFO - Carpeta email eliminada
2024-02-22 14:44:28,688 - INFO - Conectado a la base de datos
2024-02-22 14:44:28,690 - INFO - Carpeta Email creda con exito
2024-02-22 14:44:29,743 - INFO - Archivo: C:/Users/RPA/Documents/Proyectos_Rocketbot/Bot Auditoria/Insumos/Auditoria_Python/Email/Auditoría_21-02-2024_MONTELIBANO.xlsx creado.
2024-02-22 14:44:30,664 - INFO - Archivo: C:/Users/RPA/Documents/Proyectos_Rocketbot/Bot Auditoria/Insumos/Auditoria_Python/Email/Auditoría_21-02-2024_TIERRA-ALTA.xlsx creado.
2024-02-22 14:44:31,530 - INFO - Archivo: C:/Users/RPA/Documents/Proyectos_Rocketbot/Bot Auditoria/Insumos/Auditoria_Python/Email/Auditoría_21-02-2024_AYAPEL.xlsx creado.
2024-02-22 14:44:32,766 - INFO - Archivo: C:/Users/RPA/Documents/Proyectos_Rocketbot/Bot Auditoria/Insumos/Auditoria_Python/Email/Auditoría_21-02-2024_PLANETA-RICA.xlsx creado.
2024-02-22 14:44:34,354 - INFO - Archivo: C:/Users/RPA/Documents/Proyectos_Rocketbot/Bot Auditoria/Insumos/Auditoria_Python/Email/Auditoría_21-02-2024_CERETE.xlsx creado.
2024-02-22 14:44:35,512 - INFO - Archivo: C:/Users/RPA/Documents/Proyectos_Rocketbot/Bot Auditoria/Insumos/Auditoria_Python/Email/Auditoría_21-02-2024_LORICA.xlsx creado.
2024-02-22 14:44:36,977 - INFO - Archivo: C:/Users/RPA/Documents/Proyectos_Rocketbot/Bot Auditoria/Insumos/Auditoria_Python/Email/Auditoría_21-02-2024_SAHAGUN.xlsx creado.
2024-02-22 14:44:38,116 - INFO - Archivo: C:/Users/RPA/Documents/Proyectos_Rocketbot/Bot Auditoria/Insumos/Auditoria_Python/Email/Auditoría_21-02-2024_MOCARI.xlsx creado.
2024-02-22 14:44:39,826 - INFO - Archivo: C:/Users/RPA/Documents/Proyectos_Rocketbot/Bot Auditoria/Insumos/Auditoria_Python/Email/Auditoría_21-02-2024_PRADERA.xlsx creado.
2024-02-22 14:44:41,118 - INFO - Archivo: C:/Users/RPA/Documents/Proyectos_Rocketbot/Bot Auditoria/Insumos/Auditoria_Python/Email/Auditoría_21-02-2024_MOGAMBO.xlsx creado.
2024-02-22 14:44:42,693 - INFO - Archivo: C:/Users/RPA/Documents/Proyectos_Rocketbot/Bot Auditoria/Insumos/Auditoria_Python/Email/Auditoría_21-02-2024_GRANJA.xlsx creado.
2024-02-22 14:44:43,774 - INFO - Archivo: C:/Users/RPA/Documents/Proyectos_Rocketbot/Bot Auditoria/Insumos/Auditoria_Python/Email/Auditoría_21-02-2024_DORADO.xlsx creado.
2024-02-22 14:44:45,107 - INFO - Archivo: C:/Users/RPA/Documents/Proyectos_Rocketbot/Bot Auditoria/Insumos/Auditoria_Python/Email/Auditoría_21-02-2024_OFIC.PRINCIPAL MONTERIA.xlsx creado.
2024-02-22 14:44:45,966 - INFO - Archivo: C:/Users/RPA/Documents/Proyectos_Rocketbot/Bot Auditoria/Insumos/Auditoria_Python/Email/Auditoría_21-02-2024_PUERTO ESCONDIDO.xlsx creado.
2024-02-22 14:44:46,989 - INFO - Archivo: C:/Users/RPA/Documents/Proyectos_Rocketbot/Bot Auditoria/Insumos/Auditoria_Python/Email/Auditoría_21-02-2024_SANTA LUCIA.xlsx creado.
2024-02-22 14:44:47,929 - INFO - Archivo: C:/Users/RPA/Documents/Proyectos_Rocketbot/Bot Auditoria/Insumos/Auditoria_Python/Email/Auditoría_21-02-2024_SAN ANTERITO.xlsx creado.
2024-02-22 14:44:48,812 - INFO - Archivo: C:/Users/RPA/Documents/Proyectos_Rocketbot/Bot Auditoria/Insumos/Auditoria_Python/Email/Auditoría_21-02-2024_CANALETE.xlsx creado.
2024-02-22 14:44:49,773 - INFO - Archivo: C:/Users/RPA/Documents/Proyectos_Rocketbot/Bot Auditoria/Insumos/Auditoria_Python/Email/Auditoría_21-02-2024_CARRISAL.xlsx creado.
2024-02-22 14:44:50,662 - INFO - Archivo: C:/Users/RPA/Documents/Proyectos_Rocketbot/Bot Auditoria/Insumos/Auditoria_Python/Email/Auditoría_21-02-2024_LOS CORDOBAS.xlsx creado.
2024-02-22 14:44:57,535 - INFO - Correo con archivos adjuntos enviados
2024-02-22 14:44:57,621 - INFO - Archivos copiados en GDrive y carpeta Email
