2024-03-04 15:40:57,605 - INFO - Bot_Auditoría_BD_Python iniciado
2024-03-04 15:40:57,606 - INFO - Variables inicializadas
2024-03-04 15:40:57,609 - WARNING - Carpeta Email inexistente
2024-03-04 15:40:58,175 - INFO - Conectado a la base de datos
2024-03-04 15:40:58,178 - INFO - Carpeta Email creda con exito
2024-03-04 15:40:59,224 - INFO - Archivo: C:/Users/RPA/Documents/Proyectos_Rocketbot/Bot Auditoria/Insumos/Auditoria_Python/Email/Auditoría_03-03-2024_MONTELIBANO.xlsx creado.
2024-03-04 15:41:00,132 - INFO - Archivo: C:/Users/RPA/Documents/Proyectos_Rocketbot/Bot Auditoria/Insumos/Auditoria_Python/Email/Auditoría_03-03-2024_TIERRA-ALTA.xlsx creado.
2024-03-04 15:41:00,885 - INFO - Archivo: C:/Users/RPA/Documents/Proyectos_Rocketbot/Bot Auditoria/Insumos/Auditoria_Python/Email/Auditoría_03-03-2024_AYAPEL.xlsx creado.
2024-03-04 15:41:01,816 - INFO - Archivo: C:/Users/RPA/Documents/Proyectos_Rocketbot/Bot Auditoria/Insumos/Auditoria_Python/Email/Auditoría_03-03-2024_PLANETA-RICA.xlsx creado.
2024-03-04 15:41:02,957 - INFO - Archivo: C:/Users/RPA/Documents/Proyectos_Rocketbot/Bot Auditoria/Insumos/Auditoria_Python/Email/Auditoría_03-03-2024_CERETE.xlsx creado.
2024-03-04 15:41:04,056 - INFO - Archivo: C:/Users/RPA/Documents/Proyectos_Rocketbot/Bot Auditoria/Insumos/Auditoria_Python/Email/Auditoría_03-03-2024_LORICA.xlsx creado.
2024-03-04 15:41:05,157 - INFO - Archivo: C:/Users/RPA/Documents/Proyectos_Rocketbot/Bot Auditoria/Insumos/Auditoria_Python/Email/Auditoría_03-03-2024_SAHAGUN.xlsx creado.
2024-03-04 15:41:06,087 - INFO - Archivo: C:/Users/RPA/Documents/Proyectos_Rocketbot/Bot Auditoria/Insumos/Auditoria_Python/Email/Auditoría_03-03-2024_MOCARI.xlsx creado.
2024-03-04 15:41:07,121 - INFO - Archivo: C:/Users/RPA/Documents/Proyectos_Rocketbot/Bot Auditoria/Insumos/Auditoria_Python/Email/Auditoría_03-03-2024_PRADERA.xlsx creado.
2024-03-04 15:41:08,130 - INFO - Archivo: C:/Users/RPA/Documents/Proyectos_Rocketbot/Bot Auditoria/Insumos/Auditoria_Python/Email/Auditoría_03-03-2024_MOGAMBO.xlsx creado.
2024-03-04 15:41:09,168 - INFO - Archivo: C:/Users/RPA/Documents/Proyectos_Rocketbot/Bot Auditoria/Insumos/Auditoria_Python/Email/Auditoría_03-03-2024_GRANJA.xlsx creado.
2024-03-04 15:41:10,246 - INFO - Archivo: C:/Users/RPA/Documents/Proyectos_Rocketbot/Bot Auditoria/Insumos/Auditoria_Python/Email/Auditoría_03-03-2024_DORADO.xlsx creado.
2024-03-04 15:41:11,372 - INFO - Archivo: C:/Users/RPA/Documents/Proyectos_Rocketbot/Bot Auditoria/Insumos/Auditoria_Python/Email/Auditoría_03-03-2024_OFIC.PRINCIPAL MONTERIA.xlsx creado.
2024-03-04 15:41:12,139 - INFO - Archivo: C:/Users/RPA/Documents/Proyectos_Rocketbot/Bot Auditoria/Insumos/Auditoria_Python/Email/Auditoría_03-03-2024_PUERTO ESCONDIDO.xlsx creado.
2024-03-04 15:41:12,949 - INFO - Archivo: C:/Users/RPA/Documents/Proyectos_Rocketbot/Bot Auditoria/Insumos/Auditoria_Python/Email/Auditoría_03-03-2024_SANTA LUCIA.xlsx creado.
2024-03-04 15:41:13,727 - INFO - Archivo: C:/Users/RPA/Documents/Proyectos_Rocketbot/Bot Auditoria/Insumos/Auditoria_Python/Email/Auditoría_03-03-2024_SAN ANTERITO.xlsx creado.
2024-03-04 15:41:14,470 - INFO - Archivo: C:/Users/RPA/Documents/Proyectos_Rocketbot/Bot Auditoria/Insumos/Auditoria_Python/Email/Auditoría_03-03-2024_CANALETE.xlsx creado.
2024-03-04 15:41:15,259 - INFO - Archivo: C:/Users/RPA/Documents/Proyectos_Rocketbot/Bot Auditoria/Insumos/Auditoria_Python/Email/Auditoría_03-03-2024_CARRISAL.xlsx creado.
2024-03-04 15:41:16,050 - INFO - Archivo: C:/Users/RPA/Documents/Proyectos_Rocketbot/Bot Auditoria/Insumos/Auditoria_Python/Email/Auditoría_03-03-2024_LOS CORDOBAS.xlsx creado.
2024-03-04 15:41:16,490 - INFO - file_cache is only supported with oauth2client<4.0.0
2024-03-04 15:41:19,060 - INFO - Correo enviado a reomir.negrete@record.com.co, jhovanna.lopez@record.com.co
2024-03-04 15:41:19,065 - INFO - Archivos copiados en GDrive y carpeta Email
2024-03-04 15:41:19,065 - INFO - Bot_Auditoría_BD_Python Finalizado.
2024-03-04 15:41:19,065 - INFO - Tiempo total de ejecución: 21.458854913711548
