2024-02-28 10:38:06,066 - INFO - Bot_Auditoría_BD_Python iniciado
2024-02-28 10:38:06,066 - INFO - Variables inicializadas
2024-02-28 10:38:06,085 - INFO - Carpeta email eliminada
2024-02-28 10:38:06,844 - INFO - Conectado a la base de datos
2024-02-28 10:38:06,845 - INFO - Carpeta Email creda con exito
2024-02-28 10:38:08,349 - INFO - Archivo: C:/Users/RPA/Documents/Proyectos_Rocketbot/Bot Auditoria/Insumos/Auditoria_Python/Email/Auditoría_27-02-2024_MONTELIBANO.xlsx creado.
2024-02-28 10:38:09,286 - INFO - Archivo: C:/Users/RPA/Documents/Proyectos_Rocketbot/Bot Auditoria/Insumos/Auditoria_Python/Email/Auditoría_27-02-2024_TIERRA-ALTA.xlsx creado.
2024-02-28 10:38:10,212 - INFO - Archivo: C:/Users/RPA/Documents/Proyectos_Rocketbot/Bot Auditoria/Insumos/Auditoria_Python/Email/Auditoría_27-02-2024_AYAPEL.xlsx creado.
2024-02-28 10:38:11,297 - INFO - Archivo: C:/Users/RPA/Documents/Proyectos_Rocketbot/Bot Auditoria/Insumos/Auditoria_Python/Email/Auditoría_27-02-2024_PLANETA-RICA.xlsx creado.
2024-02-28 10:38:12,653 - INFO - Archivo: C:/Users/RPA/Documents/Proyectos_Rocketbot/Bot Auditoria/Insumos/Auditoria_Python/Email/Auditoría_27-02-2024_CERETE.xlsx creado.
2024-02-28 10:38:13,911 - INFO - Archivo: C:/Users/RPA/Documents/Proyectos_Rocketbot/Bot Auditoria/Insumos/Auditoria_Python/Email/Auditoría_27-02-2024_LORICA.xlsx creado.
2024-02-28 10:38:15,153 - INFO - Archivo: C:/Users/RPA/Documents/Proyectos_Rocketbot/Bot Auditoria/Insumos/Auditoria_Python/Email/Auditoría_27-02-2024_SAHAGUN.xlsx creado.
2024-02-28 10:38:16,260 - INFO - Archivo: C:/Users/RPA/Documents/Proyectos_Rocketbot/Bot Auditoria/Insumos/Auditoria_Python/Email/Auditoría_27-02-2024_MOCARI.xlsx creado.
2024-02-28 10:38:17,526 - INFO - Archivo: C:/Users/RPA/Documents/Proyectos_Rocketbot/Bot Auditoria/Insumos/Auditoria_Python/Email/Auditoría_27-02-2024_PRADERA.xlsx creado.
2024-02-28 10:38:18,750 - INFO - Archivo: C:/Users/RPA/Documents/Proyectos_Rocketbot/Bot Auditoria/Insumos/Auditoria_Python/Email/Auditoría_27-02-2024_MOGAMBO.xlsx creado.
2024-02-28 10:38:19,912 - INFO - Archivo: C:/Users/RPA/Documents/Proyectos_Rocketbot/Bot Auditoria/Insumos/Auditoria_Python/Email/Auditoría_27-02-2024_GRANJA.xlsx creado.
2024-02-28 10:38:21,575 - INFO - Archivo: C:/Users/RPA/Documents/Proyectos_Rocketbot/Bot Auditoria/Insumos/Auditoria_Python/Email/Auditoría_27-02-2024_DORADO.xlsx creado.
2024-02-28 10:38:22,866 - INFO - Archivo: C:/Users/RPA/Documents/Proyectos_Rocketbot/Bot Auditoria/Insumos/Auditoria_Python/Email/Auditoría_27-02-2024_OFIC.PRINCIPAL MONTERIA.xlsx creado.
2024-02-28 10:38:23,768 - INFO - Archivo: C:/Users/RPA/Documents/Proyectos_Rocketbot/Bot Auditoria/Insumos/Auditoria_Python/Email/Auditoría_27-02-2024_PUERTO ESCONDIDO.xlsx creado.
2024-02-28 10:38:24,823 - INFO - Archivo: C:/Users/RPA/Documents/Proyectos_Rocketbot/Bot Auditoria/Insumos/Auditoria_Python/Email/Auditoría_27-02-2024_SANTA LUCIA.xlsx creado.
2024-02-28 10:38:25,725 - INFO - Archivo: C:/Users/RPA/Documents/Proyectos_Rocketbot/Bot Auditoria/Insumos/Auditoria_Python/Email/Auditoría_27-02-2024_SAN ANTERITO.xlsx creado.
2024-02-28 10:38:26,726 - INFO - Archivo: C:/Users/RPA/Documents/Proyectos_Rocketbot/Bot Auditoria/Insumos/Auditoria_Python/Email/Auditoría_27-02-2024_CANALETE.xlsx creado.
2024-02-28 10:38:27,608 - INFO - Archivo: C:/Users/RPA/Documents/Proyectos_Rocketbot/Bot Auditoria/Insumos/Auditoria_Python/Email/Auditoría_27-02-2024_CARRISAL.xlsx creado.
2024-02-28 10:38:28,544 - INFO - Archivo: C:/Users/RPA/Documents/Proyectos_Rocketbot/Bot Auditoria/Insumos/Auditoria_Python/Email/Auditoría_27-02-2024_LOS CORDOBAS.xlsx creado.
2024-02-28 10:38:30,207 - INFO - file_cache is only supported with oauth2client<4.0.0
2024-02-28 10:38:32,590 - INFO - Correo enviado a reomir.negrete@record.com.co, soporte.rpa@record.com.co
2024-02-28 10:38:32,595 - INFO - Archivos copiados en GDrive y carpeta Email
2024-02-28 10:38:32,595 - INFO - Bot_Auditoría_BD_Python Finalizado.
2024-02-28 10:38:32,595 - INFO - Tiempo total de ejecución: 26.52876329421997
