2024-02-28 03:40:08,650 - INFO - Bot_Auditoría_BD_Python iniciado
2024-02-28 03:40:08,650 - INFO - Variables inicializadas
2024-02-28 03:40:08,700 - INFO - Carpeta email eliminada
2024-02-28 03:40:09,390 - INFO - Conectado a la base de datos
2024-02-28 03:40:09,390 - INFO - Carpeta Email creda con exito
2024-02-28 03:40:10,520 - INFO - Archivo: C:/Users/RPA/Documents/Proyectos_Rocketbot/Bot Auditoria/Insumos/Auditoria_Python/Email/Auditoría_27-02-2024_MONTELIBANO.xlsx creado.
2024-02-28 03:40:11,553 - INFO - Archivo: C:/Users/RPA/Documents/Proyectos_Rocketbot/Bot Auditoria/Insumos/Auditoria_Python/Email/Auditoría_27-02-2024_TIERRA-ALTA.xlsx creado.
2024-02-28 03:40:12,432 - INFO - Archivo: C:/Users/RPA/Documents/Proyectos_Rocketbot/Bot Auditoria/Insumos/Auditoria_Python/Email/Auditoría_27-02-2024_AYAPEL.xlsx creado.
2024-02-28 03:40:13,442 - INFO - Archivo: C:/Users/RPA/Documents/Proyectos_Rocketbot/Bot Auditoria/Insumos/Auditoria_Python/Email/Auditoría_27-02-2024_PLANETA-RICA.xlsx creado.
2024-02-28 03:40:14,653 - INFO - Archivo: C:/Users/RPA/Documents/Proyectos_Rocketbot/Bot Auditoria/Insumos/Auditoria_Python/Email/Auditoría_27-02-2024_CERETE.xlsx creado.
2024-02-28 03:40:15,890 - INFO - Archivo: C:/Users/RPA/Documents/Proyectos_Rocketbot/Bot Auditoria/Insumos/Auditoria_Python/Email/Auditoría_27-02-2024_LORICA.xlsx creado.
2024-02-28 03:40:17,038 - INFO - Archivo: C:/Users/RPA/Documents/Proyectos_Rocketbot/Bot Auditoria/Insumos/Auditoria_Python/Email/Auditoría_27-02-2024_SAHAGUN.xlsx creado.
2024-02-28 03:40:18,039 - INFO - Archivo: C:/Users/RPA/Documents/Proyectos_Rocketbot/Bot Auditoria/Insumos/Auditoria_Python/Email/Auditoría_27-02-2024_MOCARI.xlsx creado.
2024-02-28 03:40:19,240 - INFO - Archivo: C:/Users/RPA/Documents/Proyectos_Rocketbot/Bot Auditoria/Insumos/Auditoria_Python/Email/Auditoría_27-02-2024_PRADERA.xlsx creado.
2024-02-28 03:40:20,389 - INFO - Archivo: C:/Users/RPA/Documents/Proyectos_Rocketbot/Bot Auditoria/Insumos/Auditoria_Python/Email/Auditoría_27-02-2024_MOGAMBO.xlsx creado.
2024-02-28 03:40:21,450 - INFO - Archivo: C:/Users/RPA/Documents/Proyectos_Rocketbot/Bot Auditoria/Insumos/Auditoria_Python/Email/Auditoría_27-02-2024_GRANJA.xlsx creado.
2024-02-28 03:40:22,548 - INFO - Archivo: C:/Users/RPA/Documents/Proyectos_Rocketbot/Bot Auditoria/Insumos/Auditoria_Python/Email/Auditoría_27-02-2024_DORADO.xlsx creado.
2024-02-28 03:40:23,819 - INFO - Archivo: C:/Users/RPA/Documents/Proyectos_Rocketbot/Bot Auditoria/Insumos/Auditoria_Python/Email/Auditoría_27-02-2024_OFIC.PRINCIPAL MONTERIA.xlsx creado.
2024-02-28 03:40:24,690 - INFO - Archivo: C:/Users/RPA/Documents/Proyectos_Rocketbot/Bot Auditoria/Insumos/Auditoria_Python/Email/Auditoría_27-02-2024_PUERTO ESCONDIDO.xlsx creado.
2024-02-28 03:40:25,564 - INFO - Archivo: C:/Users/RPA/Documents/Proyectos_Rocketbot/Bot Auditoria/Insumos/Auditoria_Python/Email/Auditoría_27-02-2024_SANTA LUCIA.xlsx creado.
2024-02-28 03:40:26,407 - INFO - Archivo: C:/Users/RPA/Documents/Proyectos_Rocketbot/Bot Auditoria/Insumos/Auditoria_Python/Email/Auditoría_27-02-2024_SAN ANTERITO.xlsx creado.
2024-02-28 03:40:27,288 - INFO - Archivo: C:/Users/RPA/Documents/Proyectos_Rocketbot/Bot Auditoria/Insumos/Auditoria_Python/Email/Auditoría_27-02-2024_CANALETE.xlsx creado.
2024-02-28 03:40:28,190 - INFO - Archivo: C:/Users/RPA/Documents/Proyectos_Rocketbot/Bot Auditoria/Insumos/Auditoria_Python/Email/Auditoría_27-02-2024_CARRISAL.xlsx creado.
2024-02-28 03:40:29,082 - INFO - Archivo: C:/Users/RPA/Documents/Proyectos_Rocketbot/Bot Auditoria/Insumos/Auditoria_Python/Email/Auditoría_27-02-2024_LOS CORDOBAS.xlsx creado.
2024-02-28 03:40:30,557 - INFO - file_cache is only supported with oauth2client<4.0.0
2024-02-28 03:40:32,670 - INFO - Correo enviado a reomir.negrete@record.com.co, soporte.rpa@record.com.co
2024-02-28 03:40:32,680 - INFO - Archivos copiados en GDrive y carpeta Email
2024-02-28 03:40:32,680 - INFO - Bot_Auditoría_BD_Python Finalizado.
2024-02-28 03:40:32,680 - INFO - Tiempo total de ejecución: 24.029993534088135
