2024-02-27 16:45:51,105 - INFO - Bot_Auditoría_BD_Python iniciado
2024-02-27 16:45:51,107 - INFO - Variables inicializadas
2024-02-27 16:45:51,124 - INFO - Carpeta email eliminada
2024-02-27 16:45:51,858 - INFO - Conectado a la base de datos
2024-02-27 16:45:51,870 - INFO - Carpeta Email creda con exito
2024-02-27 16:45:52,936 - INFO - Archivo: C:/Users/RPA/Documents/Proyectos_Rocketbot/Bot Auditoria/Insumos/Auditoria_Python/Email/Auditoría_26-02-2024_MONTELIBANO.xlsx creado.
2024-02-27 16:45:53,957 - INFO - Archivo: C:/Users/RPA/Documents/Proyectos_Rocketbot/Bot Auditoria/Insumos/Auditoria_Python/Email/Auditoría_26-02-2024_TIERRA-ALTA.xlsx creado.
2024-02-27 16:45:54,878 - INFO - Archivo: C:/Users/RPA/Documents/Proyectos_Rocketbot/Bot Auditoria/Insumos/Auditoria_Python/Email/Auditoría_26-02-2024_AYAPEL.xlsx creado.
2024-02-27 16:45:55,928 - INFO - Archivo: C:/Users/RPA/Documents/Proyectos_Rocketbot/Bot Auditoria/Insumos/Auditoria_Python/Email/Auditoría_26-02-2024_PLANETA-RICA.xlsx creado.
2024-02-27 16:45:57,322 - INFO - Archivo: C:/Users/RPA/Documents/Proyectos_Rocketbot/Bot Auditoria/Insumos/Auditoria_Python/Email/Auditoría_26-02-2024_CERETE.xlsx creado.
2024-02-27 16:45:58,538 - INFO - Archivo: C:/Users/RPA/Documents/Proyectos_Rocketbot/Bot Auditoria/Insumos/Auditoria_Python/Email/Auditoría_26-02-2024_LORICA.xlsx creado.
2024-02-27 16:45:59,838 - INFO - Archivo: C:/Users/RPA/Documents/Proyectos_Rocketbot/Bot Auditoria/Insumos/Auditoria_Python/Email/Auditoría_26-02-2024_SAHAGUN.xlsx creado.
2024-02-27 16:46:00,958 - INFO - Archivo: C:/Users/RPA/Documents/Proyectos_Rocketbot/Bot Auditoria/Insumos/Auditoria_Python/Email/Auditoría_26-02-2024_MOCARI.xlsx creado.
2024-02-27 16:46:02,256 - INFO - Archivo: C:/Users/RPA/Documents/Proyectos_Rocketbot/Bot Auditoria/Insumos/Auditoria_Python/Email/Auditoría_26-02-2024_PRADERA.xlsx creado.
2024-02-27 16:46:03,454 - INFO - Archivo: C:/Users/RPA/Documents/Proyectos_Rocketbot/Bot Auditoria/Insumos/Auditoria_Python/Email/Auditoría_26-02-2024_MOGAMBO.xlsx creado.
2024-02-27 16:46:04,541 - INFO - Archivo: C:/Users/RPA/Documents/Proyectos_Rocketbot/Bot Auditoria/Insumos/Auditoria_Python/Email/Auditoría_26-02-2024_GRANJA.xlsx creado.
2024-02-27 16:46:05,728 - INFO - Archivo: C:/Users/RPA/Documents/Proyectos_Rocketbot/Bot Auditoria/Insumos/Auditoria_Python/Email/Auditoría_26-02-2024_DORADO.xlsx creado.
2024-02-27 16:46:07,052 - INFO - Archivo: C:/Users/RPA/Documents/Proyectos_Rocketbot/Bot Auditoria/Insumos/Auditoria_Python/Email/Auditoría_26-02-2024_OFIC.PRINCIPAL MONTERIA.xlsx creado.
2024-02-27 16:46:07,896 - INFO - Archivo: C:/Users/RPA/Documents/Proyectos_Rocketbot/Bot Auditoria/Insumos/Auditoria_Python/Email/Auditoría_26-02-2024_PUERTO ESCONDIDO.xlsx creado.
2024-02-27 16:46:08,845 - INFO - Archivo: C:/Users/RPA/Documents/Proyectos_Rocketbot/Bot Auditoria/Insumos/Auditoria_Python/Email/Auditoría_26-02-2024_SANTA LUCIA.xlsx creado.
2024-02-27 16:46:09,719 - INFO - Archivo: C:/Users/RPA/Documents/Proyectos_Rocketbot/Bot Auditoria/Insumos/Auditoria_Python/Email/Auditoría_26-02-2024_SAN ANTERITO.xlsx creado.
2024-02-27 16:46:10,564 - INFO - Archivo: C:/Users/RPA/Documents/Proyectos_Rocketbot/Bot Auditoria/Insumos/Auditoria_Python/Email/Auditoría_26-02-2024_CANALETE.xlsx creado.
2024-02-27 16:46:11,423 - INFO - Archivo: C:/Users/RPA/Documents/Proyectos_Rocketbot/Bot Auditoria/Insumos/Auditoria_Python/Email/Auditoría_26-02-2024_CARRISAL.xlsx creado.
2024-02-27 16:46:12,340 - INFO - Archivo: C:/Users/RPA/Documents/Proyectos_Rocketbot/Bot Auditoria/Insumos/Auditoria_Python/Email/Auditoría_26-02-2024_LOS CORDOBAS.xlsx creado.
2024-02-27 16:46:12,688 - INFO - file_cache is only supported with oauth2client<4.0.0
2024-02-27 16:46:15,178 - INFO - Correo enviado a reomir.negrete@record.com.co, soporte.rpa@record.com.co
2024-02-27 16:46:15,191 - INFO - Archivos copiados en GDrive y carpeta Email
2024-02-27 16:46:15,191 - INFO - Bot_Auditoría_BD_Python Finalizado.
2024-02-27 16:46:15,191 - INFO - Tiempo total de ejecución: 24.084007501602173
