2024-03-09 03:00:25,460 - INFO - Bot_Auditoría_BD_Python iniciado
2024-03-09 03:00:25,460 - INFO - Variables inicializadas
2024-03-09 03:00:25,484 - INFO - Carpeta email eliminada
2024-03-09 03:00:25,938 - INFO - Conectado a la base de datos
2024-03-09 03:00:25,940 - INFO - Carpeta Email creda con exito
2024-03-09 03:00:26,798 - INFO - Archivo: C:/Users/RPA/Documents/Proyectos_Rocketbot/Bot Auditoria/Insumos/Auditoria_Python/Email/Auditoría_08-03-2024_MONTELIBANO.xlsx creado.
2024-03-09 03:00:27,476 - INFO - Archivo: C:/Users/RPA/Documents/Proyectos_Rocketbot/Bot Auditoria/Insumos/Auditoria_Python/Email/Auditoría_08-03-2024_TIERRA-ALTA.xlsx creado.
2024-03-09 03:00:28,042 - INFO - Archivo: C:/Users/RPA/Documents/Proyectos_Rocketbot/Bot Auditoria/Insumos/Auditoria_Python/Email/Auditoría_08-03-2024_AYAPEL.xlsx creado.
2024-03-09 03:00:28,752 - INFO - Archivo: C:/Users/RPA/Documents/Proyectos_Rocketbot/Bot Auditoria/Insumos/Auditoria_Python/Email/Auditoría_08-03-2024_PLANETA-RICA.xlsx creado.
2024-03-09 03:00:29,597 - INFO - Archivo: C:/Users/RPA/Documents/Proyectos_Rocketbot/Bot Auditoria/Insumos/Auditoria_Python/Email/Auditoría_08-03-2024_CERETE.xlsx creado.
2024-03-09 03:00:30,487 - INFO - Archivo: C:/Users/RPA/Documents/Proyectos_Rocketbot/Bot Auditoria/Insumos/Auditoria_Python/Email/Auditoría_08-03-2024_LORICA.xlsx creado.
2024-03-09 03:00:31,390 - INFO - Archivo: C:/Users/RPA/Documents/Proyectos_Rocketbot/Bot Auditoria/Insumos/Auditoria_Python/Email/Auditoría_08-03-2024_SAHAGUN.xlsx creado.
2024-03-09 03:00:32,331 - INFO - Archivo: C:/Users/RPA/Documents/Proyectos_Rocketbot/Bot Auditoria/Insumos/Auditoria_Python/Email/Auditoría_08-03-2024_MOCARI.xlsx creado.
2024-03-09 03:00:33,239 - INFO - Archivo: C:/Users/RPA/Documents/Proyectos_Rocketbot/Bot Auditoria/Insumos/Auditoria_Python/Email/Auditoría_08-03-2024_PRADERA.xlsx creado.
2024-03-09 03:00:34,054 - INFO - Archivo: C:/Users/RPA/Documents/Proyectos_Rocketbot/Bot Auditoria/Insumos/Auditoria_Python/Email/Auditoría_08-03-2024_MOGAMBO.xlsx creado.
2024-03-09 03:00:34,782 - INFO - Archivo: C:/Users/RPA/Documents/Proyectos_Rocketbot/Bot Auditoria/Insumos/Auditoria_Python/Email/Auditoría_08-03-2024_GRANJA.xlsx creado.
2024-03-09 03:00:35,551 - INFO - Archivo: C:/Users/RPA/Documents/Proyectos_Rocketbot/Bot Auditoria/Insumos/Auditoria_Python/Email/Auditoría_08-03-2024_DORADO.xlsx creado.
2024-03-09 03:00:36,420 - INFO - Archivo: C:/Users/RPA/Documents/Proyectos_Rocketbot/Bot Auditoria/Insumos/Auditoria_Python/Email/Auditoría_08-03-2024_OFIC.PRINCIPAL MONTERIA.xlsx creado.
2024-03-09 03:00:37,209 - INFO - Archivo: C:/Users/RPA/Documents/Proyectos_Rocketbot/Bot Auditoria/Insumos/Auditoria_Python/Email/Auditoría_08-03-2024_PUERTO ESCONDIDO.xlsx creado.
2024-03-09 03:00:38,043 - INFO - Archivo: C:/Users/RPA/Documents/Proyectos_Rocketbot/Bot Auditoria/Insumos/Auditoria_Python/Email/Auditoría_08-03-2024_SANTA LUCIA.xlsx creado.
2024-03-09 03:00:38,866 - INFO - Archivo: C:/Users/RPA/Documents/Proyectos_Rocketbot/Bot Auditoria/Insumos/Auditoria_Python/Email/Auditoría_08-03-2024_SAN ANTERITO.xlsx creado.
2024-03-09 03:00:39,695 - INFO - Archivo: C:/Users/RPA/Documents/Proyectos_Rocketbot/Bot Auditoria/Insumos/Auditoria_Python/Email/Auditoría_08-03-2024_CANALETE.xlsx creado.
2024-03-09 03:00:40,285 - INFO - Archivo: C:/Users/RPA/Documents/Proyectos_Rocketbot/Bot Auditoria/Insumos/Auditoria_Python/Email/Auditoría_08-03-2024_CARRISAL.xlsx creado.
2024-03-09 03:00:41,116 - INFO - Archivo: C:/Users/RPA/Documents/Proyectos_Rocketbot/Bot Auditoria/Insumos/Auditoria_Python/Email/Auditoría_08-03-2024_LOS CORDOBAS.xlsx creado.
2024-03-09 03:00:44,106 - INFO - file_cache is only supported with oauth2client<4.0.0
2024-03-09 03:00:46,719 - INFO - Correo enviado a berthy.petro@record.com.co, mario.martinez@record.com.co, auditplay@record.com.co
2024-03-09 03:00:46,729 - INFO - Archivos copiados en GDrive y carpeta Email
2024-03-09 03:00:46,730 - INFO - Bot_Auditoría_BD_Python Finalizado.
2024-03-09 03:00:46,730 - INFO - Tiempo total de ejecución: 21.269885063171387
