2024-02-27 14:41:19,018 - INFO - Bot_Auditoría_BD_Python iniciado
2024-02-27 14:41:19,019 - INFO - Variables inicializadas
2024-02-27 14:41:19,034 - INFO - Carpeta email eliminada
2024-02-27 14:41:19,695 - INFO - Conectado a la base de datos
2024-02-27 14:41:19,698 - INFO - Carpeta Email creda con exito
2024-02-27 14:41:20,787 - INFO - Archivo: C:/Users/RPA/Documents/Proyectos_Rocketbot/Bot Auditoria/Insumos/Auditoria_Python/Email/Auditoría_26-02-2024_MONTELIBANO.xlsx creado.
2024-02-27 14:41:21,789 - INFO - Archivo: C:/Users/RPA/Documents/Proyectos_Rocketbot/Bot Auditoria/Insumos/Auditoria_Python/Email/Auditoría_26-02-2024_TIERRA-ALTA.xlsx creado.
2024-02-27 14:41:22,681 - INFO - Archivo: C:/Users/RPA/Documents/Proyectos_Rocketbot/Bot Auditoria/Insumos/Auditoria_Python/Email/Auditoría_26-02-2024_AYAPEL.xlsx creado.
2024-02-27 14:41:23,685 - INFO - Archivo: C:/Users/RPA/Documents/Proyectos_Rocketbot/Bot Auditoria/Insumos/Auditoria_Python/Email/Auditoría_26-02-2024_PLANETA-RICA.xlsx creado.
2024-02-27 14:41:25,060 - INFO - Archivo: C:/Users/RPA/Documents/Proyectos_Rocketbot/Bot Auditoria/Insumos/Auditoria_Python/Email/Auditoría_26-02-2024_CERETE.xlsx creado.
2024-02-27 14:41:26,315 - INFO - Archivo: C:/Users/RPA/Documents/Proyectos_Rocketbot/Bot Auditoria/Insumos/Auditoria_Python/Email/Auditoría_26-02-2024_LORICA.xlsx creado.
2024-02-27 14:41:27,662 - INFO - Archivo: C:/Users/RPA/Documents/Proyectos_Rocketbot/Bot Auditoria/Insumos/Auditoria_Python/Email/Auditoría_26-02-2024_SAHAGUN.xlsx creado.
2024-02-27 14:41:28,716 - INFO - Archivo: C:/Users/RPA/Documents/Proyectos_Rocketbot/Bot Auditoria/Insumos/Auditoria_Python/Email/Auditoría_26-02-2024_MOCARI.xlsx creado.
2024-02-27 14:41:30,004 - INFO - Archivo: C:/Users/RPA/Documents/Proyectos_Rocketbot/Bot Auditoria/Insumos/Auditoria_Python/Email/Auditoría_26-02-2024_PRADERA.xlsx creado.
2024-02-27 14:41:31,183 - INFO - Archivo: C:/Users/RPA/Documents/Proyectos_Rocketbot/Bot Auditoria/Insumos/Auditoria_Python/Email/Auditoría_26-02-2024_MOGAMBO.xlsx creado.
2024-02-27 14:41:32,354 - INFO - Archivo: C:/Users/RPA/Documents/Proyectos_Rocketbot/Bot Auditoria/Insumos/Auditoria_Python/Email/Auditoría_26-02-2024_GRANJA.xlsx creado.
2024-02-27 14:41:33,467 - INFO - Archivo: C:/Users/RPA/Documents/Proyectos_Rocketbot/Bot Auditoria/Insumos/Auditoria_Python/Email/Auditoría_26-02-2024_DORADO.xlsx creado.
2024-02-27 14:41:34,851 - INFO - Archivo: C:/Users/RPA/Documents/Proyectos_Rocketbot/Bot Auditoria/Insumos/Auditoria_Python/Email/Auditoría_26-02-2024_OFIC.PRINCIPAL MONTERIA.xlsx creado.
2024-02-27 14:41:35,755 - INFO - Archivo: C:/Users/RPA/Documents/Proyectos_Rocketbot/Bot Auditoria/Insumos/Auditoria_Python/Email/Auditoría_26-02-2024_PUERTO ESCONDIDO.xlsx creado.
2024-02-27 14:41:36,684 - INFO - Archivo: C:/Users/RPA/Documents/Proyectos_Rocketbot/Bot Auditoria/Insumos/Auditoria_Python/Email/Auditoría_26-02-2024_SANTA LUCIA.xlsx creado.
2024-02-27 14:41:37,549 - INFO - Archivo: C:/Users/RPA/Documents/Proyectos_Rocketbot/Bot Auditoria/Insumos/Auditoria_Python/Email/Auditoría_26-02-2024_SAN ANTERITO.xlsx creado.
2024-02-27 14:41:38,406 - INFO - Archivo: C:/Users/RPA/Documents/Proyectos_Rocketbot/Bot Auditoria/Insumos/Auditoria_Python/Email/Auditoría_26-02-2024_CANALETE.xlsx creado.
2024-02-27 14:41:39,273 - INFO - Archivo: C:/Users/RPA/Documents/Proyectos_Rocketbot/Bot Auditoria/Insumos/Auditoria_Python/Email/Auditoría_26-02-2024_CARRISAL.xlsx creado.
2024-02-27 14:41:40,163 - INFO - Archivo: C:/Users/RPA/Documents/Proyectos_Rocketbot/Bot Auditoria/Insumos/Auditoria_Python/Email/Auditoría_26-02-2024_LOS CORDOBAS.xlsx creado.
2024-02-27 14:41:54,349 - INFO - "GET /?state=Tbk71Jh2BDltQ4Io95hn5sGbUvV5DJ&code=4/0AeaYSHArfboAcmazqc48AfdksUTzht-uAWWh2Ykxorp8YtcpT9muEQl6AuWZ8RWP32tzgw&scope=https://www.googleapis.com/auth/gmail.send HTTP/1.1" 200 65
2024-02-27 14:41:55,375 - ERROR - Error al enviar el correo de éxito
