2024-03-02 03:40:28,706 - INFO - Bot_Auditoría_BD_Python iniciado
2024-03-02 03:40:28,706 - INFO - Variables inicializadas
2024-03-02 03:40:28,726 - INFO - Carpeta email eliminada
2024-03-02 03:40:29,416 - INFO - Conectado a la base de datos
2024-03-02 03:40:29,416 - INFO - Carpeta Email creda con exito
2024-03-02 03:40:30,766 - INFO - Archivo: C:/Users/RPA/Documents/Proyectos_Rocketbot/Bot Auditoria/Insumos/Auditoria_Python/Email/Auditoría_01-03-2024_MONTELIBANO.xlsx creado.
2024-03-02 03:40:31,926 - INFO - Archivo: C:/Users/RPA/Documents/Proyectos_Rocketbot/Bot Auditoria/Insumos/Auditoria_Python/Email/Auditoría_01-03-2024_TIERRA-ALTA.xlsx creado.
2024-03-02 03:40:32,926 - INFO - Archivo: C:/Users/RPA/Documents/Proyectos_Rocketbot/Bot Auditoria/Insumos/Auditoria_Python/Email/Auditoría_01-03-2024_AYAPEL.xlsx creado.
2024-03-02 03:40:34,055 - INFO - Archivo: C:/Users/RPA/Documents/Proyectos_Rocketbot/Bot Auditoria/Insumos/Auditoria_Python/Email/Auditoría_01-03-2024_PLANETA-RICA.xlsx creado.
2024-03-02 03:40:35,356 - INFO - Archivo: C:/Users/RPA/Documents/Proyectos_Rocketbot/Bot Auditoria/Insumos/Auditoria_Python/Email/Auditoría_01-03-2024_CERETE.xlsx creado.
2024-03-02 03:40:36,616 - INFO - Archivo: C:/Users/RPA/Documents/Proyectos_Rocketbot/Bot Auditoria/Insumos/Auditoria_Python/Email/Auditoría_01-03-2024_LORICA.xlsx creado.
2024-03-02 03:40:37,896 - INFO - Archivo: C:/Users/RPA/Documents/Proyectos_Rocketbot/Bot Auditoria/Insumos/Auditoria_Python/Email/Auditoría_01-03-2024_SAHAGUN.xlsx creado.
2024-03-02 03:40:39,056 - INFO - Archivo: C:/Users/RPA/Documents/Proyectos_Rocketbot/Bot Auditoria/Insumos/Auditoria_Python/Email/Auditoría_01-03-2024_MOCARI.xlsx creado.
2024-03-02 03:40:40,366 - INFO - Archivo: C:/Users/RPA/Documents/Proyectos_Rocketbot/Bot Auditoria/Insumos/Auditoria_Python/Email/Auditoría_01-03-2024_PRADERA.xlsx creado.
2024-03-02 03:40:41,636 - INFO - Archivo: C:/Users/RPA/Documents/Proyectos_Rocketbot/Bot Auditoria/Insumos/Auditoria_Python/Email/Auditoría_01-03-2024_MOGAMBO.xlsx creado.
2024-03-02 03:40:42,876 - INFO - Archivo: C:/Users/RPA/Documents/Proyectos_Rocketbot/Bot Auditoria/Insumos/Auditoria_Python/Email/Auditoría_01-03-2024_GRANJA.xlsx creado.
2024-03-02 03:40:44,096 - INFO - Archivo: C:/Users/RPA/Documents/Proyectos_Rocketbot/Bot Auditoria/Insumos/Auditoria_Python/Email/Auditoría_01-03-2024_DORADO.xlsx creado.
2024-03-02 03:40:45,456 - INFO - Archivo: C:/Users/RPA/Documents/Proyectos_Rocketbot/Bot Auditoria/Insumos/Auditoria_Python/Email/Auditoría_01-03-2024_OFIC.PRINCIPAL MONTERIA.xlsx creado.
2024-03-02 03:40:46,436 - INFO - Archivo: C:/Users/RPA/Documents/Proyectos_Rocketbot/Bot Auditoria/Insumos/Auditoria_Python/Email/Auditoría_01-03-2024_PUERTO ESCONDIDO.xlsx creado.
2024-03-02 03:40:47,436 - INFO - Archivo: C:/Users/RPA/Documents/Proyectos_Rocketbot/Bot Auditoria/Insumos/Auditoria_Python/Email/Auditoría_01-03-2024_SANTA LUCIA.xlsx creado.
2024-03-02 03:40:48,416 - INFO - Archivo: C:/Users/RPA/Documents/Proyectos_Rocketbot/Bot Auditoria/Insumos/Auditoria_Python/Email/Auditoría_01-03-2024_SAN ANTERITO.xlsx creado.
2024-03-02 03:40:49,406 - INFO - Archivo: C:/Users/RPA/Documents/Proyectos_Rocketbot/Bot Auditoria/Insumos/Auditoria_Python/Email/Auditoría_01-03-2024_CANALETE.xlsx creado.
2024-03-02 03:40:50,396 - INFO - Archivo: C:/Users/RPA/Documents/Proyectos_Rocketbot/Bot Auditoria/Insumos/Auditoria_Python/Email/Auditoría_01-03-2024_CARRISAL.xlsx creado.
2024-03-02 03:40:51,396 - INFO - Archivo: C:/Users/RPA/Documents/Proyectos_Rocketbot/Bot Auditoria/Insumos/Auditoria_Python/Email/Auditoría_01-03-2024_LOS CORDOBAS.xlsx creado.
2024-03-02 03:40:53,256 - INFO - file_cache is only supported with oauth2client<4.0.0
2024-03-02 03:40:55,656 - INFO - Correo enviado a reomir.negrete@record.com.co, soporte.rpa@record.com.co
2024-03-02 03:40:55,666 - INFO - Archivos copiados en GDrive y carpeta Email
2024-03-02 03:40:55,666 - INFO - Bot_Auditoría_BD_Python Finalizado.
2024-03-02 03:40:55,666 - INFO - Tiempo total de ejecución: 26.960033416748047
