2024-02-22 14:37:36,532 - INFO - Bot_Auditoría_BD_Python iniciado
2024-02-22 14:37:36,532 - INFO - Variables inicializadas
2024-02-22 14:37:36,534 - INFO - Carpeta email eliminada
2024-02-22 14:37:37,148 - INFO - Conectado a la base de datos
2024-02-22 14:37:37,149 - INFO - Carpeta Email creda con exito
2024-02-22 14:37:38,203 - INFO - Archivo: C:/Users/RPA/Documents/Proyectos_Rocketbot/Bot Auditoria/Insumos/Auditoria_Python/Email/Auditoría_21-02-2024_MONTELIBANO.xlsx creado.
2024-02-22 14:37:39,126 - INFO - Archivo: C:/Users/RPA/Documents/Proyectos_Rocketbot/Bot Auditoria/Insumos/Auditoria_Python/Email/Auditoría_21-02-2024_TIERRA-ALTA.xlsx creado.
2024-02-22 14:37:40,016 - INFO - Archivo: C:/Users/RPA/Documents/Proyectos_Rocketbot/Bot Auditoria/Insumos/Auditoria_Python/Email/Auditoría_21-02-2024_AYAPEL.xlsx creado.
2024-02-22 14:37:41,106 - INFO - Archivo: C:/Users/RPA/Documents/Proyectos_Rocketbot/Bot Auditoria/Insumos/Auditoria_Python/Email/Auditoría_21-02-2024_PLANETA-RICA.xlsx creado.
2024-02-22 14:37:42,293 - INFO - Archivo: C:/Users/RPA/Documents/Proyectos_Rocketbot/Bot Auditoria/Insumos/Auditoria_Python/Email/Auditoría_21-02-2024_CERETE.xlsx creado.
2024-02-22 14:37:43,408 - INFO - Archivo: C:/Users/RPA/Documents/Proyectos_Rocketbot/Bot Auditoria/Insumos/Auditoria_Python/Email/Auditoría_21-02-2024_LORICA.xlsx creado.
2024-02-22 14:37:44,851 - INFO - Archivo: C:/Users/RPA/Documents/Proyectos_Rocketbot/Bot Auditoria/Insumos/Auditoria_Python/Email/Auditoría_21-02-2024_SAHAGUN.xlsx creado.
2024-02-22 14:37:45,782 - INFO - Archivo: C:/Users/RPA/Documents/Proyectos_Rocketbot/Bot Auditoria/Insumos/Auditoria_Python/Email/Auditoría_21-02-2024_MOCARI.xlsx creado.
2024-02-22 14:37:47,033 - INFO - Archivo: C:/Users/RPA/Documents/Proyectos_Rocketbot/Bot Auditoria/Insumos/Auditoria_Python/Email/Auditoría_21-02-2024_PRADERA.xlsx creado.
2024-02-22 14:37:48,458 - INFO - Archivo: C:/Users/RPA/Documents/Proyectos_Rocketbot/Bot Auditoria/Insumos/Auditoria_Python/Email/Auditoría_21-02-2024_MOGAMBO.xlsx creado.
2024-02-22 14:37:49,975 - INFO - Archivo: C:/Users/RPA/Documents/Proyectos_Rocketbot/Bot Auditoria/Insumos/Auditoria_Python/Email/Auditoría_21-02-2024_GRANJA.xlsx creado.
2024-02-22 14:37:50,997 - INFO - Archivo: C:/Users/RPA/Documents/Proyectos_Rocketbot/Bot Auditoria/Insumos/Auditoria_Python/Email/Auditoría_21-02-2024_DORADO.xlsx creado.
2024-02-22 14:37:52,607 - INFO - Archivo: C:/Users/RPA/Documents/Proyectos_Rocketbot/Bot Auditoria/Insumos/Auditoria_Python/Email/Auditoría_21-02-2024_OFIC.PRINCIPAL MONTERIA.xlsx creado.
2024-02-22 14:37:53,356 - INFO - Archivo: C:/Users/RPA/Documents/Proyectos_Rocketbot/Bot Auditoria/Insumos/Auditoria_Python/Email/Auditoría_21-02-2024_PUERTO ESCONDIDO.xlsx creado.
2024-02-22 14:37:54,444 - INFO - Archivo: C:/Users/RPA/Documents/Proyectos_Rocketbot/Bot Auditoria/Insumos/Auditoria_Python/Email/Auditoría_21-02-2024_SANTA LUCIA.xlsx creado.
2024-02-22 14:37:55,872 - INFO - Archivo: C:/Users/RPA/Documents/Proyectos_Rocketbot/Bot Auditoria/Insumos/Auditoria_Python/Email/Auditoría_21-02-2024_SAN ANTERITO.xlsx creado.
2024-02-22 14:37:56,716 - INFO - Archivo: C:/Users/RPA/Documents/Proyectos_Rocketbot/Bot Auditoria/Insumos/Auditoria_Python/Email/Auditoría_21-02-2024_CANALETE.xlsx creado.
2024-02-22 14:37:57,700 - INFO - Archivo: C:/Users/RPA/Documents/Proyectos_Rocketbot/Bot Auditoria/Insumos/Auditoria_Python/Email/Auditoría_21-02-2024_CARRISAL.xlsx creado.
2024-02-22 14:37:58,541 - INFO - Archivo: C:/Users/RPA/Documents/Proyectos_Rocketbot/Bot Auditoria/Insumos/Auditoria_Python/Email/Auditoría_21-02-2024_LOS CORDOBAS.xlsx creado.
2024-02-22 14:37:58,541 - INFO - Archivo copiado en GDrive
2024-02-22 14:37:58,579 - INFO - Archivos copiados
2024-02-22 14:38:05,782 - INFO - Correo con archivos adjuntos enviados
2024-02-22 14:38:05,869 - INFO - Archivos copiados
