2024-02-27 14:37:45,988 - INFO - Bot_Auditoría_BD_Python iniciado
2024-02-27 14:37:45,988 - INFO - Variables inicializadas
2024-02-27 14:37:46,002 - INFO - Carpeta email eliminada
2024-02-27 14:37:46,669 - INFO - Conectado a la base de datos
2024-02-27 14:37:46,671 - INFO - Carpeta Email creda con exito
2024-02-27 14:37:47,778 - INFO - Archivo: C:/Users/RPA/Documents/Proyectos_Rocketbot/Bot Auditoria/Insumos/Auditoria_Python/Email/Auditoría_26-02-2024_MONTELIBANO.xlsx creado.
2024-02-27 14:37:48,709 - INFO - Archivo: C:/Users/RPA/Documents/Proyectos_Rocketbot/Bot Auditoria/Insumos/Auditoria_Python/Email/Auditoría_26-02-2024_TIERRA-ALTA.xlsx creado.
2024-02-27 14:37:49,643 - INFO - Archivo: C:/Users/RPA/Documents/Proyectos_Rocketbot/Bot Auditoria/Insumos/Auditoria_Python/Email/Auditoría_26-02-2024_AYAPEL.xlsx creado.
2024-02-27 14:37:50,780 - INFO - Archivo: C:/Users/RPA/Documents/Proyectos_Rocketbot/Bot Auditoria/Insumos/Auditoria_Python/Email/Auditoría_26-02-2024_PLANETA-RICA.xlsx creado.
2024-02-27 14:37:52,285 - INFO - Archivo: C:/Users/RPA/Documents/Proyectos_Rocketbot/Bot Auditoria/Insumos/Auditoria_Python/Email/Auditoría_26-02-2024_CERETE.xlsx creado.
2024-02-27 14:37:53,808 - INFO - Archivo: C:/Users/RPA/Documents/Proyectos_Rocketbot/Bot Auditoria/Insumos/Auditoria_Python/Email/Auditoría_26-02-2024_LORICA.xlsx creado.
2024-02-27 14:37:55,137 - INFO - Archivo: C:/Users/RPA/Documents/Proyectos_Rocketbot/Bot Auditoria/Insumos/Auditoria_Python/Email/Auditoría_26-02-2024_SAHAGUN.xlsx creado.
2024-02-27 14:37:56,213 - INFO - Archivo: C:/Users/RPA/Documents/Proyectos_Rocketbot/Bot Auditoria/Insumos/Auditoria_Python/Email/Auditoría_26-02-2024_MOCARI.xlsx creado.
2024-02-27 14:37:57,512 - INFO - Archivo: C:/Users/RPA/Documents/Proyectos_Rocketbot/Bot Auditoria/Insumos/Auditoria_Python/Email/Auditoría_26-02-2024_PRADERA.xlsx creado.
2024-02-27 14:37:58,691 - INFO - Archivo: C:/Users/RPA/Documents/Proyectos_Rocketbot/Bot Auditoria/Insumos/Auditoria_Python/Email/Auditoría_26-02-2024_MOGAMBO.xlsx creado.
2024-02-27 14:38:00,075 - INFO - Archivo: C:/Users/RPA/Documents/Proyectos_Rocketbot/Bot Auditoria/Insumos/Auditoria_Python/Email/Auditoría_26-02-2024_GRANJA.xlsx creado.
2024-02-27 14:38:01,212 - INFO - Archivo: C:/Users/RPA/Documents/Proyectos_Rocketbot/Bot Auditoria/Insumos/Auditoria_Python/Email/Auditoría_26-02-2024_DORADO.xlsx creado.
2024-02-27 14:38:02,648 - INFO - Archivo: C:/Users/RPA/Documents/Proyectos_Rocketbot/Bot Auditoria/Insumos/Auditoria_Python/Email/Auditoría_26-02-2024_OFIC.PRINCIPAL MONTERIA.xlsx creado.
2024-02-27 14:38:03,487 - INFO - Archivo: C:/Users/RPA/Documents/Proyectos_Rocketbot/Bot Auditoria/Insumos/Auditoria_Python/Email/Auditoría_26-02-2024_PUERTO ESCONDIDO.xlsx creado.
2024-02-27 14:38:04,390 - INFO - Archivo: C:/Users/RPA/Documents/Proyectos_Rocketbot/Bot Auditoria/Insumos/Auditoria_Python/Email/Auditoría_26-02-2024_SANTA LUCIA.xlsx creado.
2024-02-27 14:38:05,267 - INFO - Archivo: C:/Users/RPA/Documents/Proyectos_Rocketbot/Bot Auditoria/Insumos/Auditoria_Python/Email/Auditoría_26-02-2024_SAN ANTERITO.xlsx creado.
2024-02-27 14:38:06,139 - INFO - Archivo: C:/Users/RPA/Documents/Proyectos_Rocketbot/Bot Auditoria/Insumos/Auditoria_Python/Email/Auditoría_26-02-2024_CANALETE.xlsx creado.
2024-02-27 14:38:07,019 - INFO - Archivo: C:/Users/RPA/Documents/Proyectos_Rocketbot/Bot Auditoria/Insumos/Auditoria_Python/Email/Auditoría_26-02-2024_CARRISAL.xlsx creado.
2024-02-27 14:38:07,962 - INFO - Archivo: C:/Users/RPA/Documents/Proyectos_Rocketbot/Bot Auditoria/Insumos/Auditoria_Python/Email/Auditoría_26-02-2024_LOS CORDOBAS.xlsx creado.
2024-02-27 14:38:17,897 - INFO - "GET /?state=ohwisrGkVBOil9vOK85jqnRp6lxveR&code=4/0AeaYSHB7XGHXZBJyFD0PQFGgjd48wQqW8wDYY4rAvqNl7pDq8Hx68Hnjt8EI3UvK_AAG2A&scope=https://www.googleapis.com/auth/gmail.send HTTP/1.1" 200 65
2024-02-27 14:38:19,069 - ERROR - Error al enviar el correo de éxito
